
87. Printing statistics.

=== cpu ===

   Number of wires:              12809
   Number of wire bits:          13123
   Number of public wires:       12809
   Number of public wire bits:   13123
   Number of memories:               0
   Number of memory bits:            0
   Number of processes:              0
   Number of cells:              12702
     sky130_fd_sc_hd__a2111o_2     385
     sky130_fd_sc_hd__a2111oi_2      2
     sky130_fd_sc_hd__a211o_2       51
     sky130_fd_sc_hd__a211oi_2       2
     sky130_fd_sc_hd__a21bo_2       16
     sky130_fd_sc_hd__a21boi_2       3
     sky130_fd_sc_hd__a21o_2        83
     sky130_fd_sc_hd__a21oi_2       44
     sky130_fd_sc_hd__a221o_2      270
     sky130_fd_sc_hd__a22o_2       635
     sky130_fd_sc_hd__a2bb2o_2       9
     sky130_fd_sc_hd__a311o_2        7
     sky130_fd_sc_hd__a311oi_2       1
     sky130_fd_sc_hd__a31o_2        75
     sky130_fd_sc_hd__a31oi_2        5
     sky130_fd_sc_hd__a32o_2         7
     sky130_fd_sc_hd__a41o_2         1
     sky130_fd_sc_hd__and2_2        48
     sky130_fd_sc_hd__and2b_2       24
     sky130_fd_sc_hd__and3_2       675
     sky130_fd_sc_hd__and3b_2       83
     sky130_fd_sc_hd__and4_2         9
     sky130_fd_sc_hd__and4b_2        5
     sky130_fd_sc_hd__and4bb_2       4
     sky130_fd_sc_hd__buf_1       2729
     sky130_fd_sc_hd__buf_2         64
     sky130_fd_sc_hd__conb_1        35
     sky130_fd_sc_hd__dfrtp_2     1993
     sky130_fd_sc_hd__inv_2        433
     sky130_fd_sc_hd__mux2_2      2364
     sky130_fd_sc_hd__mux4_2       173
     sky130_fd_sc_hd__nand2_2      172
     sky130_fd_sc_hd__nand2b_2      16
     sky130_fd_sc_hd__nand3_2       12
     sky130_fd_sc_hd__nand3b_2       7
     sky130_fd_sc_hd__nand4_2        5
     sky130_fd_sc_hd__nand4b_2       4
     sky130_fd_sc_hd__nor2_2       161
     sky130_fd_sc_hd__nor2b_2       10
     sky130_fd_sc_hd__nor3_2        14
     sky130_fd_sc_hd__nor3b_2       68
     sky130_fd_sc_hd__nor4_2         4
     sky130_fd_sc_hd__nor4b_2        2
     sky130_fd_sc_hd__o2111a_2       6
     sky130_fd_sc_hd__o2111ai_2    253
     sky130_fd_sc_hd__o211a_2       33
     sky130_fd_sc_hd__o211ai_2      10
     sky130_fd_sc_hd__o21a_2        51
     sky130_fd_sc_hd__o21ai_2       58
     sky130_fd_sc_hd__o21ba_2        5
     sky130_fd_sc_hd__o21bai_2       4
     sky130_fd_sc_hd__o221a_2       28
     sky130_fd_sc_hd__o221ai_2       3
     sky130_fd_sc_hd__o22a_2        35
     sky130_fd_sc_hd__o2bb2a_2      11
     sky130_fd_sc_hd__o311a_2       10
     sky130_fd_sc_hd__o31a_2        14
     sky130_fd_sc_hd__o31ai_2        5
     sky130_fd_sc_hd__o32a_2        17
     sky130_fd_sc_hd__o41a_2         1
     sky130_fd_sc_hd__or2_2        138
     sky130_fd_sc_hd__or2b_2        22
     sky130_fd_sc_hd__or3_2        501
     sky130_fd_sc_hd__or3b_2       164
     sky130_fd_sc_hd__or4_2        295
     sky130_fd_sc_hd__or4b_2       262
     sky130_fd_sc_hd__or4bb_2       10
     sky130_fd_sc_hd__xnor2_2       43
     sky130_fd_sc_hd__xor2_2        11
     sky130_sram_2rw_32x128_32       1
     sky130_sram_2rw_64x128_64       1

   Chip area for module '\cpu': 508308.612000

